<?xml version="1.0" encoding="UTF-8"?>
<!-- Generated by org.testng.reporters.JUnitReportReporter -->
<testsuite hostname="DESKTOP-NFU91QR" failures="0" tests="1" name="testFiles.SelectNthSearchResult" time="5.534" errors="0" timestamp="2022-06-01T21:50:29 IST" skipped="0">
  <testcase classname="testFiles.SelectNthSearchResult" name="SearchAndSelectNthResult" time="5.534"/>
  <system-out/>
</testsuite> <!-- testFiles.SelectNthSearchResult -->
