<?xml version="1.0" encoding="UTF-8"?>
<!-- Generated by org.testng.reporters.JUnitReportReporter -->
<testsuite hostname="DESKTOP-NFU91QR" failures="0" tests="1" name="testFiles.FileDownload" time="10.783" errors="0" timestamp="2022-05-31T20:26:24 IST" skipped="0">
  <testcase classname="testFiles.FileDownload" name="downloadFile" time="10.783"/>
  <system-out/>
</testsuite> <!-- testFiles.FileDownload -->
