<?xml version="1.0" encoding="UTF-8"?>
<!-- Generated by org.testng.reporters.JUnitReportReporter -->
<testsuite hostname="DESKTOP-NFU91QR" failures="0" tests="1" name="testFiles.FileUpload" time="10.861" errors="0" timestamp="2022-05-31T21:08:09 IST" skipped="0">
  <testcase classname="testFiles.FileUpload" name="fileUploadByRobotClass" time="10.861"/>
  <system-out/>
</testsuite> <!-- testFiles.FileUpload -->
