<?xml version="1.0" encoding="UTF-8"?>
<!-- Generated by org.testng.reporters.JUnitReportReporter -->
<testsuite hostname="DESKTOP-NFU91QR" failures="0" tests="1" name="testFiles.SelectOptionFromSearchResult" time="6.310" errors="0" timestamp="2022-06-03T12:13:48 IST" skipped="0">
  <testcase classname="testFiles.SelectOptionFromSearchResult" name="SearchAndSelectFromResult" time="6.310"/>
  <system-out/>
</testsuite> <!-- testFiles.SelectOptionFromSearchResult -->
